================================================================================
EXTRACTING DOCX AND FIXING INCOMPLETE TRANSLATIONS
================================================================================

Loading incomplete translations report...
Found 123 incomplete translations

Extracting EN Book 1.docx...
  Extracted 2903 paragraphs

Extracting EN Book 4.docx...
  Extracted 694 paragraphs

================================================================================
FIXING TRANSLATIONS
================================================================================

[OK] Fixed TUID 0000031 (Matched from DOCX)
  OLD: Without prejudice to the provisions on international jurisdiction in treaties and EC regulations and...
  NEW: Without prejudice to the provisions on international jurisdiction in treaties and EC regulations and...

[OK] Fixed TUID 0000088 (Matched from DOCX)
  OLD: Articles 4(1) to 4(3) inclusive apply...
  NEW: Articles 4(1) to 4(3) inclusive apply mutatis mutandis to registered partnership, provided that a Du...

[OK] Fixed TUID 0000322 (Matched from DOCX)
  OLD: Articles 15(2) and 15(3), second sentence, apply...
  NEW: Articles 15(2) and 15(3), second sentence, apply mutatis mutandis....

[OK] Fixed TUID 0000515 (Matched from DOCX)
  OLD: Article 22(2) to (6) inclusive apply...
  NEW: Article 22(2) to (6) inclusive apply mutatis mutandis where a party notifies the court that it wishe...

[OK] Fixed TUID 0000537 (Matched from DOCX)
  OLD: Where the disclosure of documents would cause a disproportionate adverse impact on a trade secret as...
  NEW: Where the disclosure of documents would cause a disproportionate adverse impact on a trade secret as...

[OK] Fixed TUID 0000677 (Matched from DOCX)
  OLD: If the request is granted, the clerk charges a court fee, which is computed in accordance with Artic...
  NEW: If the request is granted, the clerk charges a court fee, which is computed in accordance with Artic...

[OK] Fixed TUID 0000852 (Added 'mutatis mutandis')
  OLD: Article 31(2) and (3) apply...
  NEW: Article 31(2) and (3) apply mutatis mutandis....

[OK] Fixed TUID 0001274 (Matched from DOCX)
  OLD: Having given prior notice, the Authority for Consumers and Markets (...
  NEW: Having given prior notice, the Authority for Consumers and Markets (Autoriteit Consument en Markt; A...

[OK] Fixed TUID 0001390 (Matched from DOCX)
  OLD: Article 47(1), third sentence, and (2) apply...
  NEW: Article 47(1), third sentence, and (2) apply mutatis mutandis....

[OK] Fixed TUID 0001461 (Matched from DOCX)
  OLD: Service of a writ on general partnerships (...
  NEW: Service of a writ on general partnerships (vennootschappen onder firma) and service of a writ on lim...

[OK] Fixed TUID 0001933 (Matched from DOCX)
  OLD: In its decision to refer the case, the court states: the manner in which the parties must appear in ...
  NEW: In its decision to refer the case, the court states: the manner in which the parties must appear in ...

[OK] Fixed TUID 0001936 (Matched from DOCX)
  OLD: Article 111(2), preamble and (k) and (l) apply...
  NEW: Article 111(2), preamble and (k) and (l) apply mutatis mutandis....

[OK] Fixed TUID 0002639 (Matched from DOCX)
  OLD: In cases concerning an individual employment contract, where the work is carried out in the Netherla...
  NEW: In cases concerning an individual employment contract, where the work is carried out in the Netherla...

[OK] Fixed TUID 0002855 (Matched from DOCX)
  OLD: 1°. a copy of the decision to grant legal aid, as referred to in Article 29 of the Legal Aid Act (...
  NEW: 1°. a copy of the decision to grant legal aid, as referred to in Article 29 of the Legal Aid Act (We...

[OK] Fixed TUID 0002858 (Matched from DOCX)
  OLD: 2°. a declaration by the board of the Legal Aid Council as referred to in Article 7(3) (e) of the Le...
  NEW: 2°. a declaration by the board of the Legal Aid Council as referred to in Article 7(3) (e) of the Le...

[OK] Fixed TUID 0002959 (Matched from DOCX)
  OLD: Article 111(2), preamble and (g), (h), (i), (j) and (k) apply...
  NEW: Article 111(2), preamble and (g), (h), (i), (j) and (k) apply mutatis mutandis....

[OK] Fixed TUID 0002965 (Added 'mutatis mutandis')
  OLD: Article 128(2), (6) and (7) apply...
  NEW: Article 128(2), (6) and (7) apply mutatis mutandis....

[OK] Fixed TUID 0003215 (Matched from DOCX)
  OLD: The court stays the case as long as the claimant has not paid the court fee and the time limit state...
  NEW: The court stays the case as long as the claimant has not paid the court fee and the time limit state...

[OK] Fixed TUID 0003255 (Matched from DOCX)
  OLD: The court stays the case as long as the defendant has not paid the court fee and the time limit as r...
  NEW: The court stays the case as long as the defendant has not paid the court fee and the time limit as r...

[OK] Fixed TUID 0003288 (Matched from DOCX)
  OLD: Article 127a(3) and (4) apply...
  NEW: Article 127a(3) and (4) apply mutatis mutandis....

[OK] Fixed TUID 0003396 (Added 'mutatis mutandis')
  OLD: Article 133(1) and (2) apply...
  NEW: Article 133(1) and (2) apply mutatis mutandis....

[OK] Fixed TUID 0003496 (Added 'mutatis mutandis')
  OLD: Article 140(1) and (2) apply...
  NEW: Article 140(1) and (2) apply mutatis mutandis....

[OK] Fixed TUID 0003620 (Matched from DOCX)
  OLD: If the court has recorded the original defendant's default for failure to appear, the court stays th...
  NEW: If the court has recorded the original defendant's default for failure to appear, the court stays th...

[OK] Fixed TUID 0003629 (Matched from DOCX)
  OLD: Article 127a(3) and (4) apply...
  NEW: Article 127a(3) and (4) apply mutatis mutandis....

[OK] Fixed TUID 0003885 (Matched from DOCX)
  OLD: A decision by the Authority for Consumers and Markets (...
  NEW: A decision by the Authority for Consumers and Markets (Autoriteit Consument en Markt; ACM) finding a...

[OK] Fixed TUID 0004377 (Matched from DOCX)
  OLD: Parties who have been granted legal aid under the Legal Aid Act (...
  NEW: Parties who have been granted legal aid under the Legal Aid Act (Wet op de rechtsbijstand) or with r...

[OK] Fixed TUID 0004571 (Matched from DOCX)
  OLD: Articles 166(3), 167 to 170, 174 to 177(1), 179(2), (3) and (4), and 180 to 185 inclusive on examini...
  NEW: Articles 166(3), 167 to 170, 174 to 177(1), 179(2), (3) and (4), and 180 to 185 inclusive on examini...

[OK] Fixed TUID 0004577 (Matched from DOCX)
  OLD: Article 186(5) applies...
  NEW: Article 186(5) applies mutatis mutandis where, following a report or examination of an expert not ap...

[OK] Fixed TUID 0004607 (Matched from DOCX)
  OLD: The record referred to in Article 201(2) is subject mutatis mutandis to Articles 10 and 11(2) of the...
  NEW: The record referred to in Article 201(2) is subject mutatis mutandis to Articles 10 and 11(2) of the...

[OK] Fixed TUID 0004682 (Matched from DOCX)
  OLD: Where the information is public information as referred to in Article 2.1 of the Open Government Act...
  NEW: Where the information is public information as referred to in Article 2.1 of the Open Government Act...

[OK] Fixed TUID 0004701 (Matched from DOCX)
  OLD: Article 194(1), second sentence, and (2) ,(3) and (4) apply...
  NEW: Article 194(1), second sentence, and (2) ,(3) and (4) apply mutatis mutandis....

[OK] Fixed TUID 0004732 (Matched from DOCX)
  OLD: Article 194(1), second sentence, and (2), (3) and (4) and Article 195 apply...
  NEW: Article 194(1), second sentence, and (2), (3) and (4) and Article 195 apply mutatis mutandis....

[OK] Fixed TUID 0004741 (Matched from DOCX)
  OLD: Article 279(2) applies...
  NEW: Article 279(2) applies mutatis mutandis to the notice to appear....

[OK] Fixed TUID 0004923 (Added 'mutatis mutandis')
  OLD: The provisions regarding the witness hearing apply...
  NEW: The provisions regarding the witness hearing apply mutatis mutandis....

[OK] Fixed TUID 0004960 (Added 'mutatis mutandis')
  OLD: The provisions on experts apply...
  NEW: The provisions on experts apply mutatis mutandis....

[OK] Fixed TUID 0004972 (Matched from DOCX)
  OLD: Article 30 of the Court Fees (Civil Cases) Act (...
  NEW: Article 30 of the Court Fees (Civil Cases) Act (Wet griffierechten burgerlijke zaken) applies mutati...

[OK] Fixed TUID 0005007 (Matched from DOCX)
  OLD: Articles 194, 195 and 195a apply...
  NEW: Articles 194, 195 and 195a apply mutatis mutandis to the request to inspect, or for a copy or extrac...

[OK] Fixed TUID 0005061 (Matched from DOCX)
  OLD: The previous sentence does not apply where permission is requested to make an attachment against an ...
  NEW: The previous sentence does not apply where permission is requested to make an attachment against an ...

[OK] Fixed TUID 0005131 (Matched from DOCX)
  OLD: Articles 440(2) 2, 444, 444a and 444b apply...
  NEW: Articles 440(2) 2, 444, 444a and 444b apply mutatis mutandis....

[OK] Fixed TUID 0005189 (Matched from DOCX)
  OLD: Articles 206(1) and (2), 440(2), 443(2), 444, 444a and 444b apply...
  NEW: Articles 206(1) and (2), 440(2), 443(2), 444, 444a and 444b apply mutatis mutandis....

[OK] Fixed TUID 0005402 (Matched from DOCX)
  OLD: The court stays the case as long as the party seeking to join or intervene has not paid the court fe...
  NEW: The court stays the case as long as the party seeking to join or intervene has not paid the court fe...

[OK] Fixed TUID 0005417 (Matched from DOCX)
  OLD: Article 127a(3) and (4) apply...
  NEW: Article 127a(3) and (4) apply mutatis mutandis....

[OK] Fixed TUID 0005507 (Added 'mutatis mutandis')
  OLD: Article 220(2) and (3) apply...
  NEW: Article 220(2) and (3) apply mutatis mutandis....

[OK] Fixed TUID 0005690 (Matched from DOCX)
  OLD: Article 227(2) applies...
  NEW: Article 227(2) applies mutatis mutandis....

[OK] Fixed TUID 0005784 (Added 'mutatis mutandis')
  OLD: Article 29(5) and (6) apply...
  NEW: Article 29(5) and (6) apply mutatis mutandis....

[OK] Fixed TUID 0006519 (Matched from DOCX)
  OLD: Notice to appear for interested parties who have not appeared in the proceedings and have no known d...
  NEW: Notice to appear for interested parties who have not appeared in the proceedings and have no known d...

[OK] Fixed TUID 0006571 (Matched from DOCX)
  OLD: The notice states whether a court fee will be charged on the submission of a statement of defence an...
  NEW: The notice states whether a court fee will be charged on the submission of a statement of defence an...

[OK] Fixed TUID 0006577 (Matched from DOCX)
  OLD: 1°.	a copy of the decision to grant legal aid, as referred to in Article 29 of the Legal Aid Act (...
  NEW: 1°. a copy of the decision to grant legal aid, as referred to in Article 29 of the Legal Aid Act (We...

[OK] Fixed TUID 0006580 (Matched from DOCX)
  OLD: 2°.	a declaration by the board of the Legal Aid Council as referred to in Article 7(3) (e) of the Le...
  NEW: 2°. a declaration by the board of the Legal Aid Council as referred to in Article 7(3) (e) of the Le...

[OK] Fixed TUID 0006586 (Matched from DOCX)
  OLD: If there are multiple interested parties in the case, the notice must state that interested parties ...
  NEW: If there are multiple interested parties in the case, the notice must state that interested parties ...

[OK] Fixed TUID 0006667 (Added 'mutatis mutandis')
  OLD: Articles 111(3) and 120(4) apply...
  NEW: Articles 111(3) and 120(4) apply mutatis mutandis....

[OK] Fixed TUID 0006752 (Matched from DOCX)
  OLD: Articles 87 to 90 inclusive apply...
  NEW: Articles 87 to 90 inclusive apply mutatis mutandis, except where inappropriate given the nature of t...

[OK] Fixed TUID 0006759 (Matched from DOCX)
  OLD: Where it is not required for the application to be submitted by a lawyer, Articles 80 and 81 apply...
  NEW: Where it is not required for the application to be submitted by a lawyer, Articles 80 and 81 apply m...

[OK] Fixed TUID 0006825 (Matched from DOCX)
  OLD: Except where this Act or another law provides otherwise, the court stays the case as long as the app...
  NEW: Except where this Act or another law provides otherwise, the court stays the case as long as the app...

[OK] Fixed TUID 0006881 (Matched from DOCX)
  OLD: Section 9 Title 2 applies...
  NEW: Section 9 Title 2 applies mutatis mutandis to Article 284(1), except where inappropriate given the n...

[OK] Fixed TUID 0006887 (Matched from DOCX)
  OLD: Articles 187 and 191 are applied...
  NEW: Articles 187 and 191 are applied mutatis mutandis in such manner that the deposit, the enforcement o...

[OK] Fixed TUID 0006932 (Added 'mutatis mutandis')
  OLD: Article 230(1) and (3) apply...
  NEW: Article 230(1) and (3) apply mutatis mutandis....

[OK] Fixed TUID 0006989 (Added 'mutatis mutandis')
  OLD: Article 28(5) and (6) apply...
  NEW: Article 28(5) and (6) apply mutatis mutandis....

[OK] Fixed TUID 0007628 (Added 'mutatis mutandis')
  OLD: The second to fourth sentences of Article 74(1) apply...
  NEW: The second to fourth sentences of Article 74(1) apply mutatis mutandis....

[OK] Fixed TUID 0007792 (Matched from DOCX)
  OLD: Except where this Title or the law provides otherwise, Title 2 applies...
  NEW: Except where this Title or the law provides otherwise, Title 2 applies mutatis mutandis to appeals. ...

[OK] Fixed TUID 0008251 (Matched from DOCX)
  OLD: Articles 382 to 384 and 386 to 389 inclusive apply...
  NEW: Articles 382 to 384 and 386 to 389 inclusive apply mutatis mutandis....

[OK] Fixed TUID 0008758 (Matched from DOCX)
  OLD: Article 111(2)(a), (c), and (e) apply...
  NEW: Article 111(2)(a), (c), and (e) apply mutatis mutandis to the originating document....

[OK] Fixed TUID 0008949 (Matched from DOCX)
  OLD: The Supreme Court stays the case as long as the claimant has not paid the court fee and the time per...
  NEW: The Supreme Court stays the case as long as the claimant has not paid the court fee and the time per...

[OK] Fixed TUID 0008964 (Matched from DOCX)
  OLD: Article 127a(3) and (4) apply...
  NEW: Article 127a(3) and (4) apply mutatis mutandis....

[OK] Fixed TUID 0009039 (Matched from DOCX)
  OLD: Where there is no cross-appeal and no preliminary defence against a main appeal, and the Supreme Cou...
  NEW: Where there is no cross-appeal and no preliminary defence against a main appeal, and the Supreme Cou...

[OK] Fixed TUID 0009135 (Matched from DOCX)
  OLD: Except as otherwise provided in this Title, Title 2, Articles 117 to 122 inclusive, Sections 7 to 9 ...
  NEW: Except as otherwise provided in this Title, Title 2, Articles 117 to 122 inclusive, Sections 7 to 9 ...

[OK] Fixed TUID 0009267 (Matched from DOCX)
  OLD: Articles 399, 400, 401a, 403 and 404 and Articles 79 and 80 of the Judicial Organisation Act (...
  NEW: Articles 399, 400, 401a, 403 and 404 and Articles 79 and 80 of the Judicial Organisation Act (Wet op...

[OK] Fixed TUID 0009342 (Matched from DOCX)
  OLD: Except where the Supreme Court applies Article 80a(1) of the Judicial Organisation Act (...
  NEW: Except where the Supreme Court applies Article 80a(1) of the Judicial Organisation Act (Wet op de re...

[OK] Fixed TUID 291 (Added 'mutatis mutandis')
  OLD: Articles 988(1) and 989(1) apply...
  NEW: Articles 988(1) and 989(1) apply mutatis mutandis....

[OK] Fixed TUID 299 (Added 'mutatis mutandis')
  OLD: The provisions of Section 1 of this Title apply...
  NEW: The provisions of Section 1 of this Title apply mutatis mutandis....

[OK] Fixed TUID 758 (Added 'mutatis mutandis')
  OLD: The provisions relating to removal and withdrawal of judges apply...
  NEW: The provisions relating to removal and withdrawal of judges apply mutatis mutandis....

[OK] Fixed TUID 60 (Matched from DOCX)
  OLD: Article 1027(4) applies...
  NEW: Article 1027(4) applies mutatis mutandis to the provisions in Article 1026(2) and (4)....

[OK] Fixed TUID 84 (Matched from DOCX)
  OLD: Article 1027(4) applies...
  NEW: Article 1027(4) applies mutatis mutandis to the provisions in Article 1026(2) and (4)....

[OK] Fixed TUID 133 (Added 'mutatis mutandis')
  OLD: Article 1030(2) and (3) apply...
  NEW: Article 1030(2) and (3) apply mutatis mutandis....

[OK] Fixed TUID 146 (Matched from DOCX)
  OLD: If the arbitral tribunal is assisted by a secretary, Articles 1033 to 1035 inclusive apply...
  NEW: If the arbitral tribunal is assisted by a secretary, Articles 1033 to 1035 inclusive apply mutatis m...

[OK] Fixed TUID 299 (Matched from DOCX)
  OLD: Article 1027(4) applies...
  NEW: Article 1027(4) applies mutatis mutandis to the provisions in Article 1026(2) and (4)....

[OK] Fixed TUID 390 (Added 'mutatis mutandis')
  OLD: Article 236(2) and (3) apply...
  NEW: Article 236(2) and (3) apply mutatis mutandis....

[OK] Fixed TUID 595 (Matched from DOCX)
  OLD: Articles 1065a and 1067 apply...
  NEW: Articles 1065a and 1067 apply mutatis mutandis....

[OK] Fixed TUID 653 (Matched from DOCX)
  OLD: In that event the provisions of Article 1041a(1) to (3) inclusive apply...
  NEW: In that event the provisions of Article 1041a(1) to (3) inclusive apply mutatis mutandis....

[OK] Fixed TUID 660 (Matched from DOCX)
  OLD: Articles 985 to 990 inclusive apply...
  NEW: Articles 985 to 990 inclusive apply mutatis mutandis to the extent the treaty does not contain provi...

[OK] Fixed TUID 662 (Matched from DOCX)
  OLD: Articles 261 to 291 inclusive apply...
  NEW: Articles 261 to 291 inclusive apply mutatis mutandis to the application if and to the extent not oth...

[OK] Fixed TUID 683 (Added 'mutatis mutandis')
  OLD: The provisions of Articles 985 to 991 inclusive apply...
  NEW: The provisions of Articles 985 to 991 inclusive apply mutatis mutandis....

[OK] Fixed TUID 685 (Matched from DOCX)
  OLD: Articles 261 to 291 inclusive apply...
  NEW: Articles 261 to 291 inclusive apply mutatis mutandis to the application if and to the extent not oth...

[OK] Fixed TUID 690 (Matched from DOCX)
  OLD: The General Extension of Time Limits Act...
  NEW: The General Extension of Time Limits Act (Algemene termijnenwet) does not apply to the time limits s...

[OK] Fixed TUID 692 (Matched from DOCX)
  OLD: In the application of the General Extension of Time Limits Act (...
  NEW: In the application of the General Extension of Time Limits Act (Algemene termijnenwet), the time lim...

[OK] Fixed TUID 694 (Matched from DOCX)
  OLD: For purposes of this Code, generally recognised public holidays mean the days referred to as such in...
  NEW: For purposes of this Code, generally recognised public holidays mean the days referred to as such in...


================================================================================
SAVING FIXED FILES
================================================================================

[OK] Saved ../i8n/NL-EN-civil-procedure-book1.json
[OK] Saved ../i8n/NL-EN-civil-procedure-book2-3.json
[OK] Saved ../i8n/NL-EN-civil-procedure-book4.json
[OK] Saved ../i8n/NL-EN-civil-procedure-all.json

================================================================================
SUMMARY
================================================================================
Total incomplete items:        123
Fixed with mutatis mutandis:   18
Fixed from DOCX:               68
Still incomplete:              37
Total fixed:                   86
================================================================================

